C:\USERS\MCG\DERS\REMOTE STEREO PROJECT\REAL TIME PHASE\STEREO RENDERING GRAPH\RELEASE\STEREO RENDERING GRAPH.EXE
C:\USERS\MCG\DERS\REMOTE STEREO PROJECT\REAL TIME PHASE\STEREO RENDERING GRAPH\RELEASE\STEREO RENDERING GRAPH.ILK
C:\USERS\MCG\DERS\REMOTE STEREO PROJECT\REAL TIME PHASE\STEREO RENDERING GRAPH\RELEASE\STEREO RENDERING GRAPH.PDB
C:\USERS\MCG\DERS\REMOTE STEREO PROJECT\REAL TIME PHASE\STEREO RENDERING GRAPH\STEREO RENDERING GRAPH\RELEASE\CUSTOMALLOCATOR.OBJ
C:\USERS\MCG\DERS\REMOTE STEREO PROJECT\REAL TIME PHASE\STEREO RENDERING GRAPH\STEREO RENDERING GRAPH\RELEASE\RENDERMAIN.OBJ
C:\USERS\MCG\DERS\REMOTE STEREO PROJECT\REAL TIME PHASE\STEREO RENDERING GRAPH\STEREO RENDERING GRAPH\RELEASE\STEREO RENDERING GRAPH.EXE.EMBED.MANIFEST
C:\USERS\MCG\DERS\REMOTE STEREO PROJECT\REAL TIME PHASE\STEREO RENDERING GRAPH\STEREO RENDERING GRAPH\RELEASE\STEREO RENDERING GRAPH.EXE.EMBED.MANIFEST.RES
C:\USERS\MCG\DERS\REMOTE STEREO PROJECT\REAL TIME PHASE\STEREO RENDERING GRAPH\STEREO RENDERING GRAPH\RELEASE\STEREO RENDERING GRAPH.EXE.INTERMEDIATE.MANIFEST
C:\USERS\MCG\DERS\REMOTE STEREO PROJECT\REAL TIME PHASE\STEREO RENDERING GRAPH\STEREO RENDERING GRAPH\RELEASE\VC100.PDB
C:\Users\MCG\Ders\Remote Stereo Project\Real Time Phase\Stereo Rendering Graph\Release\Stereo Rendering Graph.exe
C:\Users\MCG\Ders\Remote Stereo Project\Real Time Phase\Stereo Rendering Graph\Release\Stereo Rendering Graph.ilk
C:\Users\MCG\Ders\Remote Stereo Project\Real Time Phase\Stereo Rendering Graph\Release\Stereo Rendering Graph.pdb
C:\Users\MCG\Ders\Remote Stereo Project\Real Time Phase\Stereo Rendering Graph\Stereo Rendering Graph\Release\cl.command.1.tlog
C:\Users\MCG\Ders\Remote Stereo Project\Real Time Phase\Stereo Rendering Graph\Stereo Rendering Graph\Release\CL.read.1.tlog
C:\Users\MCG\Ders\Remote Stereo Project\Real Time Phase\Stereo Rendering Graph\Stereo Rendering Graph\Release\CL.write.1.tlog
C:\Users\MCG\Ders\Remote Stereo Project\Real Time Phase\Stereo Rendering Graph\Stereo Rendering Graph\Release\CustomAllocator.obj
C:\Users\MCG\Ders\Remote Stereo Project\Real Time Phase\Stereo Rendering Graph\Stereo Rendering Graph\Release\link.2108.read.1.tlog
C:\Users\MCG\Ders\Remote Stereo Project\Real Time Phase\Stereo Rendering Graph\Stereo Rendering Graph\Release\link.2108.write.1.tlog
C:\Users\MCG\Ders\Remote Stereo Project\Real Time Phase\Stereo Rendering Graph\Stereo Rendering Graph\Release\link.2108-cvtres.read.1.tlog
C:\Users\MCG\Ders\Remote Stereo Project\Real Time Phase\Stereo Rendering Graph\Stereo Rendering Graph\Release\link.2108-cvtres.write.1.tlog
C:\Users\MCG\Ders\Remote Stereo Project\Real Time Phase\Stereo Rendering Graph\Stereo Rendering Graph\Release\link.command.1.tlog
C:\Users\MCG\Ders\Remote Stereo Project\Real Time Phase\Stereo Rendering Graph\Stereo Rendering Graph\Release\link.read.1.tlog
C:\Users\MCG\Ders\Remote Stereo Project\Real Time Phase\Stereo Rendering Graph\Stereo Rendering Graph\Release\link.write.1.tlog
C:\Users\MCG\Ders\Remote Stereo Project\Real Time Phase\Stereo Rendering Graph\Stereo Rendering Graph\Release\link-cvtres.read.1.tlog
C:\Users\MCG\Ders\Remote Stereo Project\Real Time Phase\Stereo Rendering Graph\Stereo Rendering Graph\Release\link-cvtres.write.1.tlog
C:\Users\MCG\Ders\Remote Stereo Project\Real Time Phase\Stereo Rendering Graph\Stereo Rendering Graph\Release\mt.command.1.tlog
C:\Users\MCG\Ders\Remote Stereo Project\Real Time Phase\Stereo Rendering Graph\Stereo Rendering Graph\Release\mt.read.1.tlog
C:\Users\MCG\Ders\Remote Stereo Project\Real Time Phase\Stereo Rendering Graph\Stereo Rendering Graph\Release\mt.write.1.tlog
C:\Users\MCG\Ders\Remote Stereo Project\Real Time Phase\Stereo Rendering Graph\Stereo Rendering Graph\Release\rc.command.1.tlog
C:\Users\MCG\Ders\Remote Stereo Project\Real Time Phase\Stereo Rendering Graph\Stereo Rendering Graph\Release\rc.read.1.tlog
C:\Users\MCG\Ders\Remote Stereo Project\Real Time Phase\Stereo Rendering Graph\Stereo Rendering Graph\Release\rc.write.1.tlog
C:\Users\MCG\Ders\Remote Stereo Project\Real Time Phase\Stereo Rendering Graph\Stereo Rendering Graph\Release\RenderMain.obj
C:\Users\MCG\Ders\Remote Stereo Project\Real Time Phase\Stereo Rendering Graph\Stereo Rendering Graph\Release\Stereo Rendering Graph.exe.embed.manifest
C:\Users\MCG\Ders\Remote Stereo Project\Real Time Phase\Stereo Rendering Graph\Stereo Rendering Graph\Release\Stereo Rendering Graph.exe.embed.manifest.res
C:\Users\MCG\Ders\Remote Stereo Project\Real Time Phase\Stereo Rendering Graph\Stereo Rendering Graph\Release\Stereo Rendering Graph.exe.intermediate.manifest
C:\Users\MCG\Ders\Remote Stereo Project\Real Time Phase\Stereo Rendering Graph\Stereo Rendering Graph\Release\Stereo Rendering Graph_manifest.rc
C:\Users\MCG\Ders\Remote Stereo Project\Real Time Phase\Stereo Rendering Graph\Stereo Rendering Graph\Release\vc100.idb
C:\Users\MCG\Ders\Remote Stereo Project\Real Time Phase\Stereo Rendering Graph\Stereo Rendering Graph\Release\vc100.pdb
