Build started 11.06.2012 12:15:46.
     1>Project "C:\Users\MCG\Ders\Remote Stereo Project\Real Time Phase\Stereo Rendering Graph\Stereo Rendering Graph\Stereo Rendering Graph.vcxproj" on node 2 (build target(s)).
     1>InitializeBuildStatus:
         Touching "Debug\Stereo Rendering Graph.unsuccessfulbuild".
       ClCompile:
         All outputs are up-to-date.
       ManifestResourceCompile:
         All outputs are up-to-date.
       Link:
         C:\Program Files (x86)\Microsoft Visual Studio 10.0\VC\bin\link.exe /ERRORREPORT:PROMPT /OUT:"C:\Users\MCG\Ders\Remote Stereo Project\Real Time Phase\Stereo Rendering Graph\Debug\Stereo Rendering Graph.exe" /INCREMENTAL /NOLOGO /LIBPATH:"C:\Program Files (x86)\Microsoft DirectX SDK (June 2010)\\Lib\x86\\" /LIBPATH:"C:\Program Files\Microsoft SDKs\Windows\v7.0\Samples\multimedia\directshow\baseclasses\Debug" strmbasd.lib winmm.lib d3d9.lib d3dx9.lib dxguid.lib kernel32.lib user32.lib gdi32.lib winspool.lib comdlg32.lib advapi32.lib shell32.lib ole32.lib oleaut32.lib uuid.lib odbc32.lib odbccp32.lib /MANIFEST /ManifestFile:"Debug\Stereo Rendering Graph.exe.intermediate.manifest" /MANIFESTUAC:"level='asInvoker' uiAccess='false'" /DEBUG /PDB:"C:\Users\MCG\Ders\Remote Stereo Project\Real Time Phase\Stereo Rendering Graph\Debug\Stereo Rendering Graph.pdb" /SUBSYSTEM:WINDOWS /TLBID:1 /DYNAMICBASE /NXCOMPAT /IMPLIB:"C:\Users\MCG\Ders\Remote Stereo Project\Real Time Phase\Stereo Rendering Graph\Debug\Stereo Rendering Graph.lib" /MACHINE:X86 "Debug\Stereo Rendering Graph.exe.embed.manifest.res"
         Debug\CustomAllocator.obj
         Debug\RenderMain.obj
       Manifest:
         C:\Program Files (x86)\Microsoft SDKs\Windows\v7.0A\bin\mt.exe /nologo /verbose /out:"Debug\Stereo Rendering Graph.exe.embed.manifest" /manifest "Debug\Stereo Rendering Graph.exe.intermediate.manifest"
         C:\Program Files (x86)\Microsoft SDKs\Windows\v7.0A\bin\rc.exe /nologo /fo"Debug\Stereo Rendering Graph.exe.embed.manifest.res" "Debug\Stereo Rendering Graph_manifest.rc" 
       LinkEmbedManifest:
         C:\Program Files (x86)\Microsoft Visual Studio 10.0\VC\bin\link.exe /ERRORREPORT:PROMPT /OUT:"C:\Users\MCG\Ders\Remote Stereo Project\Real Time Phase\Stereo Rendering Graph\Debug\Stereo Rendering Graph.exe" /INCREMENTAL /NOLOGO /LIBPATH:"C:\Program Files (x86)\Microsoft DirectX SDK (June 2010)\\Lib\x86\\" /LIBPATH:"C:\Program Files\Microsoft SDKs\Windows\v7.0\Samples\multimedia\directshow\baseclasses\Debug" strmbasd.lib winmm.lib d3d9.lib d3dx9.lib dxguid.lib kernel32.lib user32.lib gdi32.lib winspool.lib comdlg32.lib advapi32.lib shell32.lib ole32.lib oleaut32.lib uuid.lib odbc32.lib odbccp32.lib /MANIFEST /ManifestFile:"Debug\Stereo Rendering Graph.exe.intermediate.manifest" /MANIFESTUAC:"level='asInvoker' uiAccess='false'" /DEBUG /PDB:"C:\Users\MCG\Ders\Remote Stereo Project\Real Time Phase\Stereo Rendering Graph\Debug\Stereo Rendering Graph.pdb" /SUBSYSTEM:WINDOWS /TLBID:1 /DYNAMICBASE /NXCOMPAT /IMPLIB:"C:\Users\MCG\Ders\Remote Stereo Project\Real Time Phase\Stereo Rendering Graph\Debug\Stereo Rendering Graph.lib" /MACHINE:X86 "Debug\Stereo Rendering Graph.exe.embed.manifest.res"
         Debug\CustomAllocator.obj
         Debug\RenderMain.obj
         Stereo Rendering Graph.vcxproj -> C:\Users\MCG\Ders\Remote Stereo Project\Real Time Phase\Stereo Rendering Graph\Debug\Stereo Rendering Graph.exe
       FinalizeBuildStatus:
         Deleting file "Debug\Stereo Rendering Graph.unsuccessfulbuild".
         Touching "Debug\Stereo Rendering Graph.lastbuildstate".
     1>Done Building Project "C:\Users\MCG\Ders\Remote Stereo Project\Real Time Phase\Stereo Rendering Graph\Stereo Rendering Graph\Stereo Rendering Graph.vcxproj" (build target(s)).

Build succeeded.

Time Elapsed 00:00:01.09
