C:\USERS\MCG\DERS\REMOTE STEREO PROJECT\REAL TIME PHASE\STEREO RENDERING GRAPH\STEREO RENDERING GRAPH\DEBUG\CUSTOMALLOCATOR.OBJ
C:\USERS\MCG\DERS\REMOTE STEREO PROJECT\REAL TIME PHASE\STEREO RENDERING GRAPH\STEREO RENDERING GRAPH\DEBUG\RENDERMAIN.OBJ
C:\USERS\MCG\DERS\REMOTE STEREO PROJECT\REAL TIME PHASE\STEREO RENDERING GRAPH\STEREO RENDERING GRAPH\DEBUG\STEREO RENDERING GRAPH.EXE.EMBED.MANIFEST.RES
C:\USERS\MCG\DERS\REMOTE STEREO PROJECT\REAL TIME PHASE\STEREO RENDERING GRAPH\STEREO RENDERING GRAPH\DEBUG\VC100.PDB
C:\Users\MCG\Ders\Remote Stereo Project\Real Time Phase\Stereo Rendering Graph\Debug\Stereo Rendering Graph.pdb
C:\Users\MCG\Ders\Remote Stereo Project\Real Time Phase\Stereo Rendering Graph\Stereo Rendering Graph\Debug\cl.command.1.tlog
C:\Users\MCG\Ders\Remote Stereo Project\Real Time Phase\Stereo Rendering Graph\Stereo Rendering Graph\Debug\CL.read.1.tlog
C:\Users\MCG\Ders\Remote Stereo Project\Real Time Phase\Stereo Rendering Graph\Stereo Rendering Graph\Debug\CL.write.1.tlog
C:\Users\MCG\Ders\Remote Stereo Project\Real Time Phase\Stereo Rendering Graph\Stereo Rendering Graph\Debug\CustomAllocator.obj
C:\Users\MCG\Ders\Remote Stereo Project\Real Time Phase\Stereo Rendering Graph\Stereo Rendering Graph\Debug\link.command.1.tlog
C:\Users\MCG\Ders\Remote Stereo Project\Real Time Phase\Stereo Rendering Graph\Stereo Rendering Graph\Debug\link.read.1.tlog
C:\Users\MCG\Ders\Remote Stereo Project\Real Time Phase\Stereo Rendering Graph\Stereo Rendering Graph\Debug\link.write.1.tlog
C:\Users\MCG\Ders\Remote Stereo Project\Real Time Phase\Stereo Rendering Graph\Stereo Rendering Graph\Debug\link-cvtres.read.1.tlog
C:\Users\MCG\Ders\Remote Stereo Project\Real Time Phase\Stereo Rendering Graph\Stereo Rendering Graph\Debug\link-cvtres.write.1.tlog
C:\Users\MCG\Ders\Remote Stereo Project\Real Time Phase\Stereo Rendering Graph\Stereo Rendering Graph\Debug\rc.command.1.tlog
C:\Users\MCG\Ders\Remote Stereo Project\Real Time Phase\Stereo Rendering Graph\Stereo Rendering Graph\Debug\rc.read.1.tlog
C:\Users\MCG\Ders\Remote Stereo Project\Real Time Phase\Stereo Rendering Graph\Stereo Rendering Graph\Debug\rc.write.1.tlog
C:\Users\MCG\Ders\Remote Stereo Project\Real Time Phase\Stereo Rendering Graph\Stereo Rendering Graph\Debug\RenderMain.obj
C:\Users\MCG\Ders\Remote Stereo Project\Real Time Phase\Stereo Rendering Graph\Stereo Rendering Graph\Debug\Stereo Rendering Graph.exe.embed.manifest
C:\Users\MCG\Ders\Remote Stereo Project\Real Time Phase\Stereo Rendering Graph\Stereo Rendering Graph\Debug\Stereo Rendering Graph.exe.embed.manifest.res
C:\Users\MCG\Ders\Remote Stereo Project\Real Time Phase\Stereo Rendering Graph\Stereo Rendering Graph\Debug\Stereo Rendering Graph.exe.intermediate.manifest
C:\Users\MCG\Ders\Remote Stereo Project\Real Time Phase\Stereo Rendering Graph\Stereo Rendering Graph\Debug\Stereo Rendering Graph_manifest.rc
C:\Users\MCG\Ders\Remote Stereo Project\Real Time Phase\Stereo Rendering Graph\Stereo Rendering Graph\Debug\vc100.idb
C:\Users\MCG\Ders\Remote Stereo Project\Real Time Phase\Stereo Rendering Graph\Stereo Rendering Graph\Debug\vc100.pdb
